<?xml version="1.0" encoding="UTF-8" standalone="no"?>
<testsuite failures="0" name="cucumber.runtime.formatter.JUnitFormatter" skipped="0" tests="1" time="2.623742">
<testcase classname="Excel Manipulation" name="Excel Manipulation Scenario" time="2.623742">
<system-out><![CDATA[Given Excel file value copy and fetch in new Excel File.....................passed
Then Convert MNL to AEST....................................................passed
And Create new Column and find time taken...................................passed
Then Remove Dupliacte VCI-Codes and their respective Rows...................passed
]]></system-out>
</testcase>
</testsuite>
